{"/Users/bb/fiap-tech-challenge-fase-2/src/app.js": {"path":"/Users/bb/fiap-tech-challenge-fase-2/src/app.js","statementMap":{"0":{"start":{"line":1,"column":0},"end":{"line":1,"column":27}},"1":{"start":{"line":2,"column":16},"end":{"line":2,"column":34}},"2":{"start":{"line":3,"column":13},"end":{"line":3,"column":28}},"3":{"start":{"line":4,"column":17},"end":{"line":4,"column":36}},"4":{"start":{"line":5,"column":20},"end":{"line":5,"column":45}},"5":{"start":{"line":7,"column":12},"end":{"line":7,"column":21}},"6":{"start":{"line":9,"column":0},"end":{"line":9,"column":16}},"7":{"start":{"line":10,"column":0},"end":{"line":10,"column":24}},"8":{"start":{"line":11,"column":0},"end":{"line":11,"column":31}},"9":{"start":{"line":13,"column":0},"end":{"line":18,"column":5}},"10":{"start":{"line":14,"column":14},"end":{"line":14,"column":49}},"11":{"start":{"line":16,"column":4},"end":{"line":16,"column":55}},"12":{"start":{"line":17,"column":4},"end":{"line":17,"column":20}},"13":{"start":{"line":20,"column":0},"end":{"line":22,"column":3}},"14":{"start":{"line":21,"column":2},"end":{"line":21,"column":42}},"15":{"start":{"line":24,"column":0},"end":{"line":24,"column":21}}},"fnMap":{"0":{"name":"(anonymous_0)","decl":{"start":{"line":14,"column":8},"end":{"line":14,"column":9}},"loc":{"start":{"line":14,"column":14},"end":{"line":14,"column":49}},"line":14},"1":{"name":"(anonymous_1)","decl":{"start":{"line":15,"column":9},"end":{"line":15,"column":10}},"loc":{"start":{"line":15,"column":18},"end":{"line":18,"column":3}},"line":15},"2":{"name":"(anonymous_2)","decl":{"start":{"line":20,"column":13},"end":{"line":20,"column":14}},"loc":{"start":{"line":20,"column":27},"end":{"line":22,"column":1}},"line":20}},"branchMap":{},"s":{"0":1,"1":1,"2":1,"3":1,"4":1,"5":1,"6":1,"7":1,"8":1,"9":1,"10":1,"11":0,"12":0,"13":1,"14":0,"15":1},"f":{"0":1,"1":0,"2":0},"b":{},"_coverageSchema":"1a1c01bbd47fc00a2c39e90264f33305004495a9","hash":"5ca8f62b40bd462f33051a8e9a5afe8a1b9ee3cc"}
,"/Users/bb/fiap-tech-challenge-fase-2/src/models/Post.js": {"path":"/Users/bb/fiap-tech-challenge-fase-2/src/models/Post.js","statementMap":{"0":{"start":{"line":1,"column":17},"end":{"line":1,"column":36}},"1":{"start":{"line":3,"column":19},"end":{"line":22,"column":2}},"2":{"start":{"line":24,"column":0},"end":{"line":24,"column":52}}},"fnMap":{},"branchMap":{},"s":{"0":1,"1":1,"2":1},"f":{},"b":{},"_coverageSchema":"1a1c01bbd47fc00a2c39e90264f33305004495a9","hash":"ec5d525768562e4920beb36a97a08f2dc6323c22"}
,"/Users/bb/fiap-tech-challenge-fase-2/src/routes/posts.js": {"path":"/Users/bb/fiap-tech-challenge-fase-2/src/routes/posts.js","statementMap":{"0":{"start":{"line":1,"column":16},"end":{"line":1,"column":34}},"1":{"start":{"line":2,"column":13},"end":{"line":2,"column":38}},"2":{"start":{"line":4,"column":15},"end":{"line":4,"column":31}},"3":{"start":{"line":7,"column":0},"end":{"line":14,"column":3}},"4":{"start":{"line":8,"column":2},"end":{"line":13,"column":3}},"5":{"start":{"line":9,"column":18},"end":{"line":9,"column":58}},"6":{"start":{"line":10,"column":4},"end":{"line":10,"column":20}},"7":{"start":{"line":12,"column":4},"end":{"line":12,"column":61}},"8":{"start":{"line":17,"column":0},"end":{"line":25,"column":3}},"9":{"start":{"line":18,"column":2},"end":{"line":24,"column":3}},"10":{"start":{"line":19,"column":17},"end":{"line":19,"column":51}},"11":{"start":{"line":20,"column":4},"end":{"line":20,"column":78}},"12":{"start":{"line":20,"column":15},"end":{"line":20,"column":78}},"13":{"start":{"line":21,"column":4},"end":{"line":21,"column":19}},"14":{"start":{"line":23,"column":4},"end":{"line":23,"column":60}},"15":{"start":{"line":28,"column":0},"end":{"line":37,"column":3}},"16":{"start":{"line":29,"column":2},"end":{"line":36,"column":3}},"17":{"start":{"line":30,"column":40},"end":{"line":30,"column":48}},"18":{"start":{"line":31,"column":21},"end":{"line":31,"column":58}},"19":{"start":{"line":32,"column":4},"end":{"line":32,"column":26}},"20":{"start":{"line":33,"column":4},"end":{"line":33,"column":35}},"21":{"start":{"line":35,"column":4},"end":{"line":35,"column":59}},"22":{"start":{"line":40,"column":0},"end":{"line":53,"column":3}},"23":{"start":{"line":41,"column":2},"end":{"line":52,"column":3}},"24":{"start":{"line":42,"column":40},"end":{"line":42,"column":48}},"25":{"start":{"line":43,"column":27},"end":{"line":47,"column":5}},"26":{"start":{"line":48,"column":4},"end":{"line":48,"column":88}},"27":{"start":{"line":48,"column":25},"end":{"line":48,"column":88}},"28":{"start":{"line":49,"column":4},"end":{"line":49,"column":29}},"29":{"start":{"line":51,"column":4},"end":{"line":51,"column":60}},"30":{"start":{"line":56,"column":0},"end":{"line":64,"column":3}},"31":{"start":{"line":57,"column":2},"end":{"line":63,"column":3}},"32":{"start":{"line":58,"column":25},"end":{"line":58,"column":68}},"33":{"start":{"line":59,"column":4},"end":{"line":59,"column":86}},"34":{"start":{"line":59,"column":23},"end":{"line":59,"column":86}},"35":{"start":{"line":60,"column":4},"end":{"line":60,"column":56}},"36":{"start":{"line":62,"column":4},"end":{"line":62,"column":61}},"37":{"start":{"line":67,"column":0},"end":{"line":81,"column":3}},"38":{"start":{"line":68,"column":2},"end":{"line":80,"column":3}},"39":{"start":{"line":69,"column":18},"end":{"line":69,"column":27}},"40":{"start":{"line":70,"column":4},"end":{"line":70,"column":84}},"41":{"start":{"line":70,"column":12},"end":{"line":70,"column":84}},"42":{"start":{"line":71,"column":18},"end":{"line":76,"column":6}},"43":{"start":{"line":77,"column":4},"end":{"line":77,"column":20}},"44":{"start":{"line":79,"column":4},"end":{"line":79,"column":61}},"45":{"start":{"line":83,"column":0},"end":{"line":83,"column":24}}},"fnMap":{"0":{"name":"(anonymous_0)","decl":{"start":{"line":7,"column":16},"end":{"line":7,"column":17}},"loc":{"start":{"line":7,"column":36},"end":{"line":14,"column":1}},"line":7},"1":{"name":"(anonymous_1)","decl":{"start":{"line":17,"column":19},"end":{"line":17,"column":20}},"loc":{"start":{"line":17,"column":39},"end":{"line":25,"column":1}},"line":17},"2":{"name":"(anonymous_2)","decl":{"start":{"line":28,"column":17},"end":{"line":28,"column":18}},"loc":{"start":{"line":28,"column":37},"end":{"line":37,"column":1}},"line":28},"3":{"name":"(anonymous_3)","decl":{"start":{"line":40,"column":19},"end":{"line":40,"column":20}},"loc":{"start":{"line":40,"column":39},"end":{"line":53,"column":1}},"line":40},"4":{"name":"(anonymous_4)","decl":{"start":{"line":56,"column":22},"end":{"line":56,"column":23}},"loc":{"start":{"line":56,"column":42},"end":{"line":64,"column":1}},"line":56},"5":{"name":"(anonymous_5)","decl":{"start":{"line":67,"column":22},"end":{"line":67,"column":23}},"loc":{"start":{"line":67,"column":42},"end":{"line":81,"column":1}},"line":67}},"branchMap":{"0":{"loc":{"start":{"line":20,"column":4},"end":{"line":20,"column":78}},"type":"if","locations":[{"start":{"line":20,"column":4},"end":{"line":20,"column":78}},{"start":{},"end":{}}],"line":20},"1":{"loc":{"start":{"line":48,"column":4},"end":{"line":48,"column":88}},"type":"if","locations":[{"start":{"line":48,"column":4},"end":{"line":48,"column":88}},{"start":{},"end":{}}],"line":48},"2":{"loc":{"start":{"line":59,"column":4},"end":{"line":59,"column":86}},"type":"if","locations":[{"start":{"line":59,"column":4},"end":{"line":59,"column":86}},{"start":{},"end":{}}],"line":59},"3":{"loc":{"start":{"line":70,"column":4},"end":{"line":70,"column":84}},"type":"if","locations":[{"start":{"line":70,"column":4},"end":{"line":70,"column":84}},{"start":{},"end":{}}],"line":70}},"s":{"0":1,"1":1,"2":1,"3":1,"4":1,"5":1,"6":1,"7":0,"8":1,"9":1,"10":1,"11":1,"12":0,"13":1,"14":0,"15":1,"16":1,"17":1,"18":1,"19":1,"20":1,"21":0,"22":1,"23":1,"24":1,"25":1,"26":1,"27":0,"28":1,"29":0,"30":1,"31":1,"32":1,"33":1,"34":0,"35":1,"36":0,"37":1,"38":0,"39":0,"40":0,"41":0,"42":0,"43":0,"44":0,"45":1},"f":{"0":1,"1":1,"2":1,"3":1,"4":1,"5":0},"b":{"0":[0,1],"1":[0,1],"2":[0,1],"3":[0,0]},"_coverageSchema":"1a1c01bbd47fc00a2c39e90264f33305004495a9","hash":"698bfeb71d6303cd607a1c1d09a3d225ad103e4c"}
}
